[15:05:25.778][info] [#0:/home/tomas/.config/nvim-beginner/share/nvim/lsp_servers/sumneko_lua/extension/server/main.lua:65]: Lua Lsp startup, root: 	/home/tomas/.config/nvim-beginner/share/nvim/lsp_servers/sumneko_lua/extension/server
[15:05:25.779][info] [#0:/home/tomas/.config/nvim-beginner/share/nvim/lsp_servers/sumneko_lua/extension/server/main.lua:66]: ROOT:	/home/tomas/.config/nvim-beginner/share/nvim/lsp_servers/sumneko_lua/extension/server
[15:05:25.779][info] [#0:/home/tomas/.config/nvim-beginner/share/nvim/lsp_servers/sumneko_lua/extension/server/main.lua:67]: LOGPATH:	/home/tomas/.config/nvim-beginner/share/nvim/lsp_servers/sumneko_lua/extension/server/log
[15:05:25.779][info] [#0:/home/tomas/.config/nvim-beginner/share/nvim/lsp_servers/sumneko_lua/extension/server/main.lua:68]: METAPATH:	/home/tomas/.config/nvim-beginner/share/nvim/lsp_servers/sumneko_lua/extension/server/meta
[15:05:25.779][info] [#0:/home/tomas/.config/nvim-beginner/share/nvim/lsp_servers/sumneko_lua/extension/server/main.lua:69]: VERSION:	3.6.3
[15:05:25.806][info] [#0:script/service/service.lua:141]: 
========= Medical Examination Report =========
    --------------- Memory ---------------
        Total: 1.547 MB
        # 00 : 1.547 MB
        # 01 : 0.000 MB
        # 02 : 0.000 MB
        # 03 : 0.000 MB
        # 04 : 0.000 MB
    --------------- Coroutine ---------------
        Total:     0
        Running:   0
        Suspended: 0
        Normal:    0
        Dead:      0
    --------------- Cache ---------------
        Total: 1
        Dead:  0
    ---------------  RPC  ---------------
        Holdon:   0
        Waiting:  0
==============================================
[15:05:25.812][info] [#0:script/language.lua:137]: VSC language: nil
[15:05:25.812][info] [#0:script/language.lua:138]: LS  language: en-us
[15:05:25.812][info] [#0:script/workspace/workspace.lua:38]: Workspace init root: 	file:///home/tomas/nvim_guide/neovim-for-beginner
[15:05:25.812][info] [#0:script/workspace/workspace.lua:42]: Log path: 	/home/tomas/.config/nvim-beginner/share/nvim/lsp_servers/sumneko_lua/extension/server/log/file_home_tomas_nvim_guide_neovim-for-beginner.log
